<?xml version="1.0" encoding="UTF-8"?>
<testsuite name="SampleTest" tests="1" skipped="0" failures="0" errors="0" timestamp="2016-12-26T10:33:02" hostname="honmatakumi-no-MacBook-Pro.local" time="0.002">
  <properties/>
  <testcase name="testAdd" classname="SampleTest" time="0.002"/>
  <system-out><![CDATA[]]></system-out>
  <system-err><![CDATA[]]></system-err>
</testsuite>
